app/build/intermediates/manifest_merge_blame_file/release/manifest-merger-blame-release-report.txt
1<?xml version="1.0" encoding="utf-8"?>
2<manifest xmlns:android="http://schemas.android.com/apk/res/android"
3    package="com.zugavalize.app"
4    android:versionCode="3"
5    android:versionName="1.1.0" >
6
7    <uses-sdk
8        android:minSdkVersion="19"
8-->src/main/AndroidManifest.xml
9        android:targetSdkVersion="31" />
9-->src/main/AndroidManifest.xml
10
11    <uses-permission android:name="android.permission.INTERNET" />
11-->src/main/AndroidManifest.xml:6:5-67
11-->src/main/AndroidManifest.xml:6:22-64
12    <uses-permission android:name="android.permission.WRITE_EXTERNAL_STORAGE" />
12-->src/main/AndroidManifest.xml:7:5-81
12-->src/main/AndroidManifest.xml:7:22-78
13    <uses-permission android:name="android.permission.ACCESS_NETWORK_STATE" />
13-->src/main/AndroidManifest.xml:8:5-79
13-->src/main/AndroidManifest.xml:8:22-76
14    <uses-permission android:name="android.permission.RECEIVE_BOOT_COMPLETED" />
14-->src/main/AndroidManifest.xml:9:5-81
14-->src/main/AndroidManifest.xml:9:22-78
15    <uses-permission android:name="android.permission.VIBRATE" />
15-->src/main/AndroidManifest.xml:10:5-66
15-->src/main/AndroidManifest.xml:10:22-63
16
17    <queries>
17-->[com.google.firebase:firebase-inappmessaging-display:20.1.2] AndroidManifest.xml:14:5-20:15
18        <intent>
18-->[com.google.firebase:firebase-inappmessaging-display:20.1.2] AndroidManifest.xml:15:9-19:18
19            <action android:name="android.intent.action.VIEW" />
19-->[com.google.firebase:firebase-inappmessaging-display:20.1.2] AndroidManifest.xml:16:13-65
19-->[com.google.firebase:firebase-inappmessaging-display:20.1.2] AndroidManifest.xml:16:21-62
20
21            <data android:scheme="https" />
21-->[com.google.firebase:firebase-inappmessaging-display:20.1.2] AndroidManifest.xml:18:13-44
21-->[com.google.firebase:firebase-inappmessaging-display:20.1.2] AndroidManifest.xml:18:19-41
22        </intent>
23    </queries>
24
25    <uses-permission android:name="android.permission.WAKE_LOCK" /> <!-- Required by older versions of Google Play services to create IID tokens -->
25-->[com.google.firebase:firebase-messaging:23.0.5] AndroidManifest.xml:26:5-68
25-->[com.google.firebase:firebase-messaging:23.0.5] AndroidManifest.xml:26:22-65
26    <uses-permission android:name="com.google.android.c2dm.permission.RECEIVE" />
26-->[com.google.firebase:firebase-messaging:23.0.5] AndroidManifest.xml:28:5-82
26-->[com.google.firebase:firebase-messaging:23.0.5] AndroidManifest.xml:28:22-79
27    <uses-permission android:name="com.google.android.finsky.permission.BIND_GET_INSTALL_REFERRER_SERVICE" />
27-->[com.google.android.gms:play-services-measurement:16.5.0] AndroidManifest.xml:26:5-110
27-->[com.google.android.gms:play-services-measurement:16.5.0] AndroidManifest.xml:26:22-107
28
29    <application
29-->src/main/AndroidManifest.xml:12:5-60:19
30        android:name="com.zugavalize.app.App"
30-->src/main/AndroidManifest.xml:13:9-46
31        android:allowBackup="true"
31-->src/main/AndroidManifest.xml:14:9-35
32        android:appComponentFactory="androidx.core.app.CoreComponentFactory"
32-->[androidx.core:core:1.7.0] AndroidManifest.xml:24:18-86
33        android:icon="@drawable/icon"
33-->src/main/AndroidManifest.xml:15:9-38
34        android:label="@string/app_name"
34-->src/main/AndroidManifest.xml:16:9-41
35        android:theme="@style/AppTheme"
35-->src/main/AndroidManifest.xml:17:9-40
36        android:usesCleartextTraffic="true" >
36-->src/main/AndroidManifest.xml:18:9-44
37        <activity
37-->src/main/AndroidManifest.xml:20:9-30:20
38            android:name="com.zugavalize.app.test.SplashTestActivity"
38-->src/main/AndroidManifest.xml:21:13-52
39            android:exported="true" >
39-->src/main/AndroidManifest.xml:22:13-36
40
41            <!-- <intent-filter> -->
42            <!-- <action android:name="android.intent.action.MAIN" /> -->
43
44
45            <!-- <category android:name="android.intent.category.LAUNCHER" /> -->
46            <!-- </intent-filter> -->
47
48        </activity>
49        <activity
49-->src/main/AndroidManifest.xml:31:9-42:20
50            android:name="com.zugavalize.app.activity.Splash"
50-->src/main/AndroidManifest.xml:32:13-62
51            android:exported="true"
51-->src/main/AndroidManifest.xml:33:13-36
52            android:theme="@style/AppTheme" >
52-->src/main/AndroidManifest.xml:34:13-44
53            <intent-filter>
53-->src/main/AndroidManifest.xml:36:13-40:29
54                <action android:name="android.intent.action.MAIN" />
54-->src/main/AndroidManifest.xml:37:17-69
54-->src/main/AndroidManifest.xml:37:25-66
55
56                <category android:name="android.intent.category.LAUNCHER" />
56-->src/main/AndroidManifest.xml:39:17-77
56-->src/main/AndroidManifest.xml:39:27-74
57            </intent-filter>
58        </activity>
59        <activity
59-->src/main/AndroidManifest.xml:45:9-50:67
60            android:name="com.zugavalize.app.activity.MainActivity"
60-->src/main/AndroidManifest.xml:46:13-68
61            android:configChanges="keyboardHidden|keyboard|orientation|screenSize"
61-->src/main/AndroidManifest.xml:47:13-83
62            android:hardwareAccelerated="true"
62-->src/main/AndroidManifest.xml:48:13-47
63            android:label="@string/app_name"
63-->src/main/AndroidManifest.xml:49:13-45
64            android:windowSoftInputMode="adjustResize" />
64-->src/main/AndroidManifest.xml:50:13-55
65
66        <service
66-->src/main/AndroidManifest.xml:52:9-59:19
67            android:name="com.zugavalize.app.MyFirebaseMessagingService"
67-->src/main/AndroidManifest.xml:53:13-73
68            android:enabled="true"
68-->src/main/AndroidManifest.xml:54:13-35
69            android:exported="true" >
69-->src/main/AndroidManifest.xml:55:13-36
70            <intent-filter>
70-->src/main/AndroidManifest.xml:56:13-58:29
71                <action android:name="com.google.firebase.MESSAGING_EVENT" />
71-->src/main/AndroidManifest.xml:57:17-78
71-->src/main/AndroidManifest.xml:57:25-75
72            </intent-filter>
73        </service>
74        <service
74-->[com.google.firebase:firebase-inappmessaging-display:20.1.2] AndroidManifest.xml:23:9-29:19
75            android:name="com.google.firebase.components.ComponentDiscoveryService"
75-->[com.google.firebase:firebase-inappmessaging-display:20.1.2] AndroidManifest.xml:24:13-84
76            android:directBootAware="true"
76-->[com.google.firebase:firebase-common:20.1.1] AndroidManifest.xml:35:13-43
77            android:exported="false" >
77-->[com.google.firebase:firebase-inappmessaging-display:20.1.2] AndroidManifest.xml:25:13-37
78            <meta-data
78-->[com.google.firebase:firebase-inappmessaging-display:20.1.2] AndroidManifest.xml:26:13-28:85
79                android:name="com.google.firebase.components:com.google.firebase.inappmessaging.display.FirebaseInAppMessagingDisplayRegistrar"
79-->[com.google.firebase:firebase-inappmessaging-display:20.1.2] AndroidManifest.xml:27:17-144
80                android:value="com.google.firebase.components.ComponentRegistrar" />
80-->[com.google.firebase:firebase-inappmessaging-display:20.1.2] AndroidManifest.xml:28:17-82
81            <meta-data
81-->[com.google.firebase:firebase-messaging:23.0.5] AndroidManifest.xml:55:13-57:85
82                android:name="com.google.firebase.components:com.google.firebase.messaging.FirebaseMessagingRegistrar"
82-->[com.google.firebase:firebase-messaging:23.0.5] AndroidManifest.xml:56:17-119
83                android:value="com.google.firebase.components.ComponentRegistrar" />
83-->[com.google.firebase:firebase-messaging:23.0.5] AndroidManifest.xml:57:17-82
84            <meta-data
84-->[com.google.android.gms:play-services-measurement-api:16.5.0] AndroidManifest.xml:30:13-32:85
85                android:name="com.google.firebase.components:com.google.firebase.analytics.connector.internal.AnalyticsConnectorRegistrar"
85-->[com.google.android.gms:play-services-measurement-api:16.5.0] AndroidManifest.xml:31:17-139
86                android:value="com.google.firebase.components.ComponentRegistrar" />
86-->[com.google.android.gms:play-services-measurement-api:16.5.0] AndroidManifest.xml:32:17-82
87            <meta-data
87-->[com.google.firebase:firebase-iid:21.1.0] AndroidManifest.xml:32:13-34:85
88                android:name="com.google.firebase.components:com.google.firebase.iid.Registrar"
88-->[com.google.firebase:firebase-iid:21.1.0] AndroidManifest.xml:33:17-96
89                android:value="com.google.firebase.components.ComponentRegistrar" />
89-->[com.google.firebase:firebase-iid:21.1.0] AndroidManifest.xml:34:17-82
90            <meta-data
90-->[com.google.firebase:firebase-inappmessaging:20.1.2] AndroidManifest.xml:17:13-19:85
91                android:name="com.google.firebase.components:com.google.firebase.inappmessaging.FirebaseInAppMessagingRegistrar"
91-->[com.google.firebase:firebase-inappmessaging:20.1.2] AndroidManifest.xml:18:17-129
92                android:value="com.google.firebase.components.ComponentRegistrar" />
92-->[com.google.firebase:firebase-inappmessaging:20.1.2] AndroidManifest.xml:19:17-82
93            <meta-data
93-->[com.google.firebase:firebase-installations:17.0.1] AndroidManifest.xml:18:13-20:85
94                android:name="com.google.firebase.components:com.google.firebase.installations.FirebaseInstallationsRegistrar"
94-->[com.google.firebase:firebase-installations:17.0.1] AndroidManifest.xml:19:17-127
95                android:value="com.google.firebase.components.ComponentRegistrar" />
95-->[com.google.firebase:firebase-installations:17.0.1] AndroidManifest.xml:20:17-82
96            <meta-data
96-->[com.google.firebase:firebase-datatransport:18.1.4] AndroidManifest.xml:28:13-30:85
97                android:name="com.google.firebase.components:com.google.firebase.datatransport.TransportRegistrar"
97-->[com.google.firebase:firebase-datatransport:18.1.4] AndroidManifest.xml:29:17-115
98                android:value="com.google.firebase.components.ComponentRegistrar" />
98-->[com.google.firebase:firebase-datatransport:18.1.4] AndroidManifest.xml:30:17-82
99            <meta-data
99-->[com.google.firebase:firebase-abt:21.0.1] AndroidManifest.xml:13:13-15:85
100                android:name="com.google.firebase.components:com.google.firebase.abt.component.AbtRegistrar"
100-->[com.google.firebase:firebase-abt:21.0.1] AndroidManifest.xml:14:17-109
101                android:value="com.google.firebase.components.ComponentRegistrar" />
101-->[com.google.firebase:firebase-abt:21.0.1] AndroidManifest.xml:15:17-82
102        </service>
103
104        <receiver
104-->[com.google.firebase:firebase-messaging:23.0.5] AndroidManifest.xml:31:9-38:20
105            android:name="com.google.firebase.iid.FirebaseInstanceIdReceiver"
105-->[com.google.firebase:firebase-messaging:23.0.5] AndroidManifest.xml:32:13-78
106            android:exported="true"
106-->[com.google.firebase:firebase-messaging:23.0.5] AndroidManifest.xml:33:13-36
107            android:permission="com.google.android.c2dm.permission.SEND" >
107-->[com.google.firebase:firebase-messaging:23.0.5] AndroidManifest.xml:34:13-73
108            <intent-filter>
108-->[com.google.firebase:firebase-messaging:23.0.5] AndroidManifest.xml:35:13-37:29
109                <action android:name="com.google.android.c2dm.intent.RECEIVE" />
109-->[com.google.firebase:firebase-messaging:23.0.5] AndroidManifest.xml:36:17-81
109-->[com.google.firebase:firebase-messaging:23.0.5] AndroidManifest.xml:36:25-78
110            </intent-filter>
111        </receiver>
112        <!--
113             FirebaseMessagingService performs security checks at runtime,
114             but set to not exported to explicitly avoid allowing another app to call it.
115        -->
116        <service
116-->[com.google.firebase:firebase-messaging:23.0.5] AndroidManifest.xml:44:9-51:19
117            android:name="com.google.firebase.messaging.FirebaseMessagingService"
117-->[com.google.firebase:firebase-messaging:23.0.5] AndroidManifest.xml:45:13-82
118            android:directBootAware="true"
118-->[com.google.firebase:firebase-messaging:23.0.5] AndroidManifest.xml:46:13-43
119            android:exported="false" >
119-->[com.google.firebase:firebase-messaging:23.0.5] AndroidManifest.xml:47:13-37
120            <intent-filter android:priority="-500" >
120-->src/main/AndroidManifest.xml:56:13-58:29
121                <action android:name="com.google.firebase.MESSAGING_EVENT" />
121-->src/main/AndroidManifest.xml:57:17-78
121-->src/main/AndroidManifest.xml:57:25-75
122            </intent-filter>
123        </service>
124
125        <receiver
125-->[com.google.android.gms:play-services-measurement:16.5.0] AndroidManifest.xml:29:9-33:20
126            android:name="com.google.android.gms.measurement.AppMeasurementReceiver"
126-->[com.google.android.gms:play-services-measurement:16.5.0] AndroidManifest.xml:30:13-85
127            android:enabled="true"
127-->[com.google.android.gms:play-services-measurement:16.5.0] AndroidManifest.xml:31:13-35
128            android:exported="false" >
128-->[com.google.android.gms:play-services-measurement:16.5.0] AndroidManifest.xml:32:13-37
129        </receiver>
130        <receiver
130-->[com.google.android.gms:play-services-measurement:16.5.0] AndroidManifest.xml:34:9-42:20
131            android:name="com.google.android.gms.measurement.AppMeasurementInstallReferrerReceiver"
131-->[com.google.android.gms:play-services-measurement:16.5.0] AndroidManifest.xml:35:13-100
132            android:enabled="true"
132-->[com.google.android.gms:play-services-measurement:16.5.0] AndroidManifest.xml:36:13-35
133            android:exported="true"
133-->[com.google.android.gms:play-services-measurement:16.5.0] AndroidManifest.xml:37:13-36
134            android:permission="android.permission.INSTALL_PACKAGES" >
134-->[com.google.android.gms:play-services-measurement:16.5.0] AndroidManifest.xml:38:13-69
135            <intent-filter>
135-->[com.google.android.gms:play-services-measurement:16.5.0] AndroidManifest.xml:39:13-41:29
136                <action android:name="com.android.vending.INSTALL_REFERRER" />
136-->[com.google.android.gms:play-services-measurement:16.5.0] AndroidManifest.xml:40:17-79
136-->[com.google.android.gms:play-services-measurement:16.5.0] AndroidManifest.xml:40:25-76
137            </intent-filter>
138        </receiver>
139
140        <service
140-->[com.google.android.gms:play-services-measurement:16.5.0] AndroidManifest.xml:44:9-47:40
141            android:name="com.google.android.gms.measurement.AppMeasurementService"
141-->[com.google.android.gms:play-services-measurement:16.5.0] AndroidManifest.xml:45:13-84
142            android:enabled="true"
142-->[com.google.android.gms:play-services-measurement:16.5.0] AndroidManifest.xml:46:13-35
143            android:exported="false" />
143-->[com.google.android.gms:play-services-measurement:16.5.0] AndroidManifest.xml:47:13-37
144        <service
144-->[com.google.android.gms:play-services-measurement:16.5.0] AndroidManifest.xml:48:9-52:72
145            android:name="com.google.android.gms.measurement.AppMeasurementJobService"
145-->[com.google.android.gms:play-services-measurement:16.5.0] AndroidManifest.xml:49:13-87
146            android:enabled="true"
146-->[com.google.android.gms:play-services-measurement:16.5.0] AndroidManifest.xml:50:13-35
147            android:exported="false"
147-->[com.google.android.gms:play-services-measurement:16.5.0] AndroidManifest.xml:51:13-37
148            android:permission="android.permission.BIND_JOB_SERVICE" />
148-->[com.google.android.gms:play-services-measurement:16.5.0] AndroidManifest.xml:52:13-69
149
150        <activity
150-->[com.google.android.gms:play-services-base:16.1.0] AndroidManifest.xml:23:9-26:75
151            android:name="com.google.android.gms.common.api.GoogleApiActivity"
151-->[com.google.android.gms:play-services-base:16.1.0] AndroidManifest.xml:24:13-79
152            android:exported="false"
152-->[com.google.android.gms:play-services-base:16.1.0] AndroidManifest.xml:25:13-37
153            android:theme="@android:style/Theme.Translucent.NoTitleBar" />
153-->[com.google.android.gms:play-services-base:16.1.0] AndroidManifest.xml:26:13-72
154
155        <provider
155-->[com.google.firebase:firebase-common:20.1.1] AndroidManifest.xml:26:9-31:39
156            android:name="com.google.firebase.provider.FirebaseInitProvider"
156-->[com.google.firebase:firebase-common:20.1.1] AndroidManifest.xml:27:13-77
157            android:authorities="com.zugavalize.app.firebaseinitprovider"
157-->[com.google.firebase:firebase-common:20.1.1] AndroidManifest.xml:28:13-72
158            android:directBootAware="true"
158-->[com.google.firebase:firebase-common:20.1.1] AndroidManifest.xml:29:13-43
159            android:exported="false"
159-->[com.google.firebase:firebase-common:20.1.1] AndroidManifest.xml:30:13-37
160            android:initOrder="100" />
160-->[com.google.firebase:firebase-common:20.1.1] AndroidManifest.xml:31:13-36
161
162        <meta-data
162-->[com.google.android.gms:play-services-basement:16.2.0] AndroidManifest.xml:23:9-25:69
163            android:name="com.google.android.gms.version"
163-->[com.google.android.gms:play-services-basement:16.2.0] AndroidManifest.xml:24:13-58
164            android:value="@integer/google_play_services_version" />
164-->[com.google.android.gms:play-services-basement:16.2.0] AndroidManifest.xml:25:13-66
165
166        <service
166-->[com.google.android.datatransport:transport-backend-cct:3.1.5] AndroidManifest.xml:29:9-35:19
167            android:name="com.google.android.datatransport.runtime.backends.TransportBackendDiscovery"
167-->[com.google.android.datatransport:transport-backend-cct:3.1.5] AndroidManifest.xml:30:13-103
168            android:exported="false" >
168-->[com.google.android.datatransport:transport-backend-cct:3.1.5] AndroidManifest.xml:31:13-37
169            <meta-data
169-->[com.google.android.datatransport:transport-backend-cct:3.1.5] AndroidManifest.xml:32:13-34:39
170                android:name="backend:com.google.android.datatransport.cct.CctBackendFactory"
170-->[com.google.android.datatransport:transport-backend-cct:3.1.5] AndroidManifest.xml:33:17-94
171                android:value="cct" />
171-->[com.google.android.datatransport:transport-backend-cct:3.1.5] AndroidManifest.xml:34:17-36
172        </service>
173        <service
173-->[com.google.android.datatransport:transport-runtime:3.1.5] AndroidManifest.xml:26:9-30:19
174            android:name="com.google.android.datatransport.runtime.scheduling.jobscheduling.JobInfoSchedulerService"
174-->[com.google.android.datatransport:transport-runtime:3.1.5] AndroidManifest.xml:27:13-117
175            android:exported="false"
175-->[com.google.android.datatransport:transport-runtime:3.1.5] AndroidManifest.xml:28:13-37
176            android:permission="android.permission.BIND_JOB_SERVICE" >
176-->[com.google.android.datatransport:transport-runtime:3.1.5] AndroidManifest.xml:29:13-69
177        </service>
178
179        <receiver
179-->[com.google.android.datatransport:transport-runtime:3.1.5] AndroidManifest.xml:32:9-34:40
180            android:name="com.google.android.datatransport.runtime.scheduling.jobscheduling.AlarmManagerSchedulerBroadcastReceiver"
180-->[com.google.android.datatransport:transport-runtime:3.1.5] AndroidManifest.xml:33:13-132
181            android:exported="false" />
181-->[com.google.android.datatransport:transport-runtime:3.1.5] AndroidManifest.xml:34:13-37
182
183        <provider
183-->[androidx.emoji2:emoji2:1.0.0] AndroidManifest.xml:26:9-34:20
184            android:name="androidx.startup.InitializationProvider"
184-->[androidx.emoji2:emoji2:1.0.0] AndroidManifest.xml:27:13-67
185            android:authorities="com.zugavalize.app.androidx-startup"
185-->[androidx.emoji2:emoji2:1.0.0] AndroidManifest.xml:28:13-68
186            android:exported="false" >
186-->[androidx.emoji2:emoji2:1.0.0] AndroidManifest.xml:29:13-37
187            <meta-data
187-->[androidx.emoji2:emoji2:1.0.0] AndroidManifest.xml:31:13-33:52
188                android:name="androidx.emoji2.text.EmojiCompatInitializer"
188-->[androidx.emoji2:emoji2:1.0.0] AndroidManifest.xml:32:17-75
189                android:value="androidx.startup" />
189-->[androidx.emoji2:emoji2:1.0.0] AndroidManifest.xml:33:17-49
190            <meta-data
190-->[androidx.lifecycle:lifecycle-process:2.4.0] AndroidManifest.xml:31:13-33:52
191                android:name="androidx.lifecycle.ProcessLifecycleInitializer"
191-->[androidx.lifecycle:lifecycle-process:2.4.0] AndroidManifest.xml:32:17-78
192                android:value="androidx.startup" />
192-->[androidx.lifecycle:lifecycle-process:2.4.0] AndroidManifest.xml:33:17-49
193        </provider>
194    </application>
195
196</manifest>